  chinachess.cpp
C:\Users\luolan\my_D\VS19\ALLprogarm\chinachess\chinachess\chinachess\chinachess.cpp(70,60): warning C4244: “=”: 从“double”转换到“int”，可能丢失数据
C:\Users\luolan\my_D\VS19\ALLprogarm\chinachess\chinachess\chinachess\chinachess.cpp(71,60): warning C4244: “=”: 从“double”转换到“int”，可能丢失数据
C:\Users\luolan\my_D\VS19\ALLprogarm\chinachess\chinachess\chinachess\chinachess.cpp(717,255): warning C4244: “参数”: 从“double”转换到“int”，可能丢失数据
C:\Users\luolan\my_D\VS19\ALLprogarm\chinachess\chinachess\chinachess\chinachess.cpp(717,188): warning C4244: “参数”: 从“double”转换到“int”，可能丢失数据
C:\Users\luolan\my_D\VS19\ALLprogarm\chinachess\chinachess\chinachess\chinachess.cpp(717,121): warning C4244: “参数”: 从“double”转换到“int”，可能丢失数据
C:\Users\luolan\my_D\VS19\ALLprogarm\chinachess\chinachess\chinachess\chinachess.cpp(717,54): warning C4244: “参数”: 从“double”转换到“int”，可能丢失数据
C:\Users\luolan\my_D\VS19\ALLprogarm\chinachess\chinachess\chinachess\chinachess.cpp(718,255): warning C4244: “参数”: 从“double”转换到“int”，可能丢失数据
C:\Users\luolan\my_D\VS19\ALLprogarm\chinachess\chinachess\chinachess\chinachess.cpp(718,188): warning C4244: “参数”: 从“double”转换到“int”，可能丢失数据
C:\Users\luolan\my_D\VS19\ALLprogarm\chinachess\chinachess\chinachess\chinachess.cpp(718,121): warning C4244: “参数”: 从“double”转换到“int”，可能丢失数据
C:\Users\luolan\my_D\VS19\ALLprogarm\chinachess\chinachess\chinachess\chinachess.cpp(718,54): warning C4244: “参数”: 从“double”转换到“int”，可能丢失数据
C:\Users\luolan\my_D\VS19\ALLprogarm\chinachess\chinachess\chinachess\chinachess.cpp(719,255): warning C4244: “参数”: 从“double”转换到“int”，可能丢失数据
C:\Users\luolan\my_D\VS19\ALLprogarm\chinachess\chinachess\chinachess\chinachess.cpp(719,188): warning C4244: “参数”: 从“double”转换到“int”，可能丢失数据
C:\Users\luolan\my_D\VS19\ALLprogarm\chinachess\chinachess\chinachess\chinachess.cpp(719,121): warning C4244: “参数”: 从“double”转换到“int”，可能丢失数据
C:\Users\luolan\my_D\VS19\ALLprogarm\chinachess\chinachess\chinachess\chinachess.cpp(719,54): warning C4244: “参数”: 从“double”转换到“int”，可能丢失数据
C:\Users\luolan\my_D\VS19\ALLprogarm\chinachess\chinachess\chinachess\chinachess.cpp(720,255): warning C4244: “参数”: 从“double”转换到“int”，可能丢失数据
C:\Users\luolan\my_D\VS19\ALLprogarm\chinachess\chinachess\chinachess\chinachess.cpp(720,188): warning C4244: “参数”: 从“double”转换到“int”，可能丢失数据
C:\Users\luolan\my_D\VS19\ALLprogarm\chinachess\chinachess\chinachess\chinachess.cpp(720,121): warning C4244: “参数”: 从“double”转换到“int”，可能丢失数据
C:\Users\luolan\my_D\VS19\ALLprogarm\chinachess\chinachess\chinachess\chinachess.cpp(720,54): warning C4244: “参数”: 从“double”转换到“int”，可能丢失数据
C:\Users\luolan\my_D\VS19\ALLprogarm\chinachess\chinachess\chinachess\chinachess.cpp(733,12): warning C4244: “初始化”: 从“double”转换到“int”，可能丢失数据
C:\Users\luolan\my_D\VS19\ALLprogarm\chinachess\chinachess\chinachess\chinachess.cpp(734,12): warning C4244: “初始化”: 从“double”转换到“int”，可能丢失数据
C:\Users\luolan\my_D\VS19\ALLprogarm\chinachess\chinachess\chinachess\chinachess.cpp(914,67): warning C4244: “参数”: 从“double”转换到“int”，可能丢失数据
C:\Users\luolan\my_D\VS19\ALLprogarm\chinachess\chinachess\chinachess\chinachess.cpp(914,48): warning C4244: “参数”: 从“double”转换到“int”，可能丢失数据
C:\Users\luolan\my_D\VS19\ALLprogarm\chinachess\chinachess\chinachess\chinachess.cpp(914,32): warning C4244: “参数”: 从“double”转换到“int”，可能丢失数据
C:\Users\luolan\my_D\VS19\ALLprogarm\chinachess\chinachess\chinachess\chinachess.cpp(914,16): warning C4244: “参数”: 从“double”转换到“int”，可能丢失数据
C:\Users\luolan\my_D\VS19\ALLprogarm\chinachess\chinachess\chinachess\chinachess.cpp(922,23): warning C4244: “参数”: 从“double”转换到“int”，可能丢失数据
C:\Users\luolan\my_D\VS19\ALLprogarm\chinachess\chinachess\chinachess\chinachess.cpp(921,19): warning C4244: “参数”: 从“double”转换到“int”，可能丢失数据
C:\Users\luolan\my_D\VS19\ALLprogarm\chinachess\chinachess\chinachess\chinachess.cpp(920,23): warning C4244: “参数”: 从“double”转换到“int”，可能丢失数据
C:\Users\luolan\my_D\VS19\ALLprogarm\chinachess\chinachess\chinachess\chinachess.cpp(919,38): warning C4244: “参数”: 从“double”转换到“int”，可能丢失数据
C:\Users\luolan\my_D\VS19\ALLprogarm\chinachess\chinachess\chinachess\chinachess.cpp(932,19): warning C4244: “参数”: 从“double”转换到“int”，可能丢失数据
C:\Users\luolan\my_D\VS19\ALLprogarm\chinachess\chinachess\chinachess\chinachess.cpp(931,23): warning C4244: “参数”: 从“double”转换到“int”，可能丢失数据
C:\Users\luolan\my_D\VS19\ALLprogarm\chinachess\chinachess\chinachess\chinachess.cpp(930,34): warning C4244: “参数”: 从“double”转换到“int”，可能丢失数据
C:\Users\luolan\my_D\VS19\ALLprogarm\chinachess\chinachess\chinachess\chinachess.cpp(929,27): warning C4244: “参数”: 从“double”转换到“int”，可能丢失数据
C:\Users\luolan\my_D\VS19\ALLprogarm\chinachess\chinachess\chinachess\chinachess.cpp(939,26): warning C4244: “参数”: 从“double”转换到“int”，可能丢失数据
C:\Users\luolan\my_D\VS19\ALLprogarm\chinachess\chinachess\chinachess\chinachess.cpp(938,18): warning C4244: “参数”: 从“double”转换到“int”，可能丢失数据
C:\Users\luolan\my_D\VS19\ALLprogarm\chinachess\chinachess\chinachess\chinachess.cpp(937,20): warning C4244: “参数”: 从“double”转换到“int”，可能丢失数据
C:\Users\luolan\my_D\VS19\ALLprogarm\chinachess\chinachess\chinachess\chinachess.cpp(936,46): warning C4244: “参数”: 从“double”转换到“int”，可能丢失数据
C:\Users\luolan\my_D\VS19\ALLprogarm\chinachess\chinachess\chinachess\chinachess.cpp(955,58): warning C4244: “参数”: 从“double”转换到“int”，可能丢失数据
C:\Users\luolan\my_D\VS19\ALLprogarm\chinachess\chinachess\chinachess\chinachess.cpp(954,48): warning C4244: “参数”: 从“double”转换到“int”，可能丢失数据
C:\Users\luolan\my_D\VS19\ALLprogarm\chinachess\chinachess\chinachess\chinachess.cpp(965,46): warning C4244: “参数”: 从“double”转换到“int”，可能丢失数据
C:\Users\luolan\my_D\VS19\ALLprogarm\chinachess\chinachess\chinachess\chinachess.cpp(965,31): warning C4244: “参数”: 从“double”转换到“int”，可能丢失数据
C:\Users\luolan\my_D\VS19\ALLprogarm\chinachess\chinachess\chinachess\chinachess.cpp(965,19): warning C4244: “参数”: 从“double”转换到“int”，可能丢失数据
C:\Users\luolan\my_D\VS19\ALLprogarm\chinachess\chinachess\chinachess\chinachess.cpp(965,7): warning C4244: “参数”: 从“double”转换到“int”，可能丢失数据
C:\Users\luolan\my_D\VS19\ALLprogarm\chinachess\chinachess\chinachess\chinachess.cpp(966,46): warning C4244: “参数”: 从“double”转换到“int”，可能丢失数据
C:\Users\luolan\my_D\VS19\ALLprogarm\chinachess\chinachess\chinachess\chinachess.cpp(966,34): warning C4244: “参数”: 从“double”转换到“int”，可能丢失数据
C:\Users\luolan\my_D\VS19\ALLprogarm\chinachess\chinachess\chinachess\chinachess.cpp(966,22): warning C4244: “参数”: 从“double”转换到“int”，可能丢失数据
C:\Users\luolan\my_D\VS19\ALLprogarm\chinachess\chinachess\chinachess\chinachess.cpp(966,7): warning C4244: “参数”: 从“double”转换到“int”，可能丢失数据
C:\Users\luolan\my_D\VS19\ALLprogarm\chinachess\chinachess\chinachess\chinachess.cpp(968,115): warning C4244: “参数”: 从“double”转换到“int”，可能丢失数据
C:\Users\luolan\my_D\VS19\ALLprogarm\chinachess\chinachess\chinachess\chinachess.cpp(968,69): warning C4244: “参数”: 从“double”转换到“int”，可能丢失数据
C:\Users\luolan\my_D\VS19\ALLprogarm\chinachess\chinachess\chinachess\chinachess.cpp(968,47): warning C4244: “参数”: 从“double”转换到“int”，可能丢失数据
C:\Users\luolan\my_D\VS19\ALLprogarm\chinachess\chinachess\chinachess\chinachess.cpp(968,7): warning C4244: “参数”: 从“double”转换到“int”，可能丢失数据
C:\Users\luolan\my_D\VS19\ALLprogarm\chinachess\chinachess\chinachess\chinachess.cpp(969,115): warning C4244: “参数”: 从“double”转换到“int”，可能丢失数据
C:\Users\luolan\my_D\VS19\ALLprogarm\chinachess\chinachess\chinachess\chinachess.cpp(969,72): warning C4244: “参数”: 从“double”转换到“int”，可能丢失数据
C:\Users\luolan\my_D\VS19\ALLprogarm\chinachess\chinachess\chinachess\chinachess.cpp(969,50): warning C4244: “参数”: 从“double”转换到“int”，可能丢失数据
C:\Users\luolan\my_D\VS19\ALLprogarm\chinachess\chinachess\chinachess\chinachess.cpp(969,7): warning C4244: “参数”: 从“double”转换到“int”，可能丢失数据
C:\Users\luolan\my_D\VS19\ALLprogarm\chinachess\chinachess\chinachess\chinachess.cpp(194): warning C4715: “Che”: 不是所有的控件路径都返回值
C:\Users\luolan\my_D\VS19\ALLprogarm\chinachess\chinachess\chinachess\chinachess.cpp(293): warning C4715: “Pao”: 不是所有的控件路径都返回值
C:\Users\luolan\my_D\VS19\ALLprogarm\chinachess\chinachess\chinachess\chinachess.cpp(632): warning C4715: “Bing”: 不是所有的控件路径都返回值
C:\Users\luolan\my_D\VS19\ALLprogarm\chinachess\chinachess\chinachess\chinachess.cpp(500): warning C4715: “Xiang”: 不是所有的控件路径都返回值
  chinachess.vcxproj -> C:\Users\luolan\my_D\VS19\ALLprogarm\chinachess\chinachess\Debug\chinachess.exe
